mode: count
github.com/cloudfoundry-community/firehose-to-syslog/caching/caching_boltdb.go:36.88,42.2 1 9
github.com/cloudfoundry-community/firehose-to-syslog/caching/caching_boltdb.go:44.36,47.16 2 9
github.com/cloudfoundry-community/firehose-to-syslog/caching/caching_boltdb.go:51.2,53.41 2 8
github.com/cloudfoundry-community/firehose-to-syslog/caching/caching_boltdb.go:58.2,58.53 1 8
github.com/cloudfoundry-community/firehose-to-syslog/caching/caching_boltdb.go:62.2,62.32 1 8
github.com/cloudfoundry-community/firehose-to-syslog/caching/caching_boltdb.go:69.2,69.26 1 8
github.com/cloudfoundry-community/firehose-to-syslog/caching/caching_boltdb.go:47.16,50.3 2 1
github.com/cloudfoundry-community/firehose-to-syslog/caching/caching_boltdb.go:53.41,56.3 2 0
github.com/cloudfoundry-community/firehose-to-syslog/caching/caching_boltdb.go:58.53,60.3 1 8
github.com/cloudfoundry-community/firehose-to-syslog/caching/caching_boltdb.go:62.32,64.17 2 8
github.com/cloudfoundry-community/firehose-to-syslog/caching/caching_boltdb.go:64.17,66.4 1 0
github.com/cloudfoundry-community/firehose-to-syslog/caching/caching_boltdb.go:72.45,74.16 2 8
github.com/cloudfoundry-community/firehose-to-syslog/caching/caching_boltdb.go:78.2,78.20 1 8
github.com/cloudfoundry-community/firehose-to-syslog/caching/caching_boltdb.go:86.2,88.12 2 8
github.com/cloudfoundry-community/firehose-to-syslog/caching/caching_boltdb.go:74.16,76.3 1 0
github.com/cloudfoundry-community/firehose-to-syslog/caching/caching_boltdb.go:78.20,81.17 2 7
github.com/cloudfoundry-community/firehose-to-syslog/caching/caching_boltdb.go:81.17,83.4 1 0
github.com/cloudfoundry-community/firehose-to-syslog/caching/caching_boltdb.go:91.37,98.2 3 7
github.com/cloudfoundry-community/firehose-to-syslog/caching/caching_boltdb.go:108.60,110.37 2 4
github.com/cloudfoundry-community/firehose-to-syslog/caching/caching_boltdb.go:115.2,117.60 2 3
github.com/cloudfoundry-community/firehose-to-syslog/caching/caching_boltdb.go:122.2,123.16 2 2
github.com/cloudfoundry-community/firehose-to-syslog/caching/caching_boltdb.go:131.2,135.17 4 1
github.com/cloudfoundry-community/firehose-to-syslog/caching/caching_boltdb.go:110.37,114.3 2 1
github.com/cloudfoundry-community/firehose-to-syslog/caching/caching_boltdb.go:117.60,119.3 1 1
github.com/cloudfoundry-community/firehose-to-syslog/caching/caching_boltdb.go:123.16,124.33 1 1
github.com/cloudfoundry-community/firehose-to-syslog/caching/caching_boltdb.go:127.3,127.18 1 1
github.com/cloudfoundry-community/firehose-to-syslog/caching/caching_boltdb.go:124.33,126.4 1 1
github.com/cloudfoundry-community/firehose-to-syslog/caching/caching_boltdb.go:139.61,142.30 3 3
github.com/cloudfoundry-community/firehose-to-syslog/caching/caching_boltdb.go:146.2,148.18 2 3
github.com/cloudfoundry-community/firehose-to-syslog/caching/caching_boltdb.go:142.30,145.3 2 31
github.com/cloudfoundry-community/firehose-to-syslog/caching/caching_boltdb.go:152.71,154.39 2 8
github.com/cloudfoundry-community/firehose-to-syslog/caching/caching_boltdb.go:163.2,164.25 2 8
github.com/cloudfoundry-community/firehose-to-syslog/caching/caching_boltdb.go:173.2,173.18 1 8
github.com/cloudfoundry-community/firehose-to-syslog/caching/caching_boltdb.go:154.39,156.47 2 8
github.com/cloudfoundry-community/firehose-to-syslog/caching/caching_boltdb.go:160.3,160.13 1 8
github.com/cloudfoundry-community/firehose-to-syslog/caching/caching_boltdb.go:156.47,159.4 2 10
github.com/cloudfoundry-community/firehose-to-syslog/caching/caching_boltdb.go:164.25,167.17 3 10
github.com/cloudfoundry-community/firehose-to-syslog/caching/caching_boltdb.go:170.3,170.24 1 10
github.com/cloudfoundry-community/firehose-to-syslog/caching/caching_boltdb.go:167.17,169.4 1 0
github.com/cloudfoundry-community/firehose-to-syslog/caching/caching_boltdb.go:176.71,180.16 3 8
github.com/cloudfoundry-community/firehose-to-syslog/caching/caching_boltdb.go:184.2,185.24 2 8
github.com/cloudfoundry-community/firehose-to-syslog/caching/caching_boltdb.go:191.2,194.18 3 8
github.com/cloudfoundry-community/firehose-to-syslog/caching/caching_boltdb.go:180.16,182.3 1 0
github.com/cloudfoundry-community/firehose-to-syslog/caching/caching_boltdb.go:185.24,189.3 3 81
github.com/cloudfoundry-community/firehose-to-syslog/caching/caching_boltdb.go:197.44,198.48 1 8
github.com/cloudfoundry-community/firehose-to-syslog/caching/caching_boltdb.go:198.48,200.17 2 8
github.com/cloudfoundry-community/firehose-to-syslog/caching/caching_boltdb.go:203.3,203.13 1 8
github.com/cloudfoundry-community/firehose-to-syslog/caching/caching_boltdb.go:200.17,202.4 1 0
github.com/cloudfoundry-community/firehose-to-syslog/caching/caching_boltdb.go:207.71,208.48 1 8
github.com/cloudfoundry-community/firehose-to-syslog/caching/caching_boltdb.go:216.2,216.16 1 8
github.com/cloudfoundry-community/firehose-to-syslog/caching/caching_boltdb.go:220.2,221.12 2 8
github.com/cloudfoundry-community/firehose-to-syslog/caching/caching_boltdb.go:241.2,241.12 1 8
github.com/cloudfoundry-community/firehose-to-syslog/caching/caching_boltdb.go:208.48,210.17 2 8
github.com/cloudfoundry-community/firehose-to-syslog/caching/caching_boltdb.go:213.3,213.13 1 8
github.com/cloudfoundry-community/firehose-to-syslog/caching/caching_boltdb.go:210.17,212.4 1 0
github.com/cloudfoundry-community/firehose-to-syslog/caching/caching_boltdb.go:216.16,218.3 1 0
github.com/cloudfoundry-community/firehose-to-syslog/caching/caching_boltdb.go:221.12,225.7 3 8
github.com/cloudfoundry-community/firehose-to-syslog/caching/caching_boltdb.go:225.7,226.11 1 9
github.com/cloudfoundry-community/firehose-to-syslog/caching/caching_boltdb.go:227.20,228.44 1 1
github.com/cloudfoundry-community/firehose-to-syslog/caching/caching_boltdb.go:235.21,236.11 1 7
github.com/cloudfoundry-community/firehose-to-syslog/caching/caching_boltdb.go:228.44,230.20 2 1
github.com/cloudfoundry-community/firehose-to-syslog/caching/caching_boltdb.go:233.6,233.16 1 1
github.com/cloudfoundry-community/firehose-to-syslog/caching/caching_boltdb.go:230.20,232.7 1 0
github.com/cloudfoundry-community/firehose-to-syslog/caching/caching_boltdb.go:246.41,250.12 3 8
github.com/cloudfoundry-community/firehose-to-syslog/caching/caching_boltdb.go:250.12,253.7 2 8
github.com/cloudfoundry-community/firehose-to-syslog/caching/caching_boltdb.go:253.7,254.11 1 9
github.com/cloudfoundry-community/firehose-to-syslog/caching/caching_boltdb.go:255.20,258.19 2 1
github.com/cloudfoundry-community/firehose-to-syslog/caching/caching_boltdb.go:263.21,264.11 1 7
github.com/cloudfoundry-community/firehose-to-syslog/caching/caching_boltdb.go:258.19,262.6 3 1
github.com/cloudfoundry-community/firehose-to-syslog/caching/caching_boltdb.go:270.58,271.27 1 9
github.com/cloudfoundry-community/firehose-to-syslog/caching/caching_boltdb.go:271.27,272.42 1 82
github.com/cloudfoundry-community/firehose-to-syslog/caching/caching_boltdb.go:272.42,274.18 2 82
github.com/cloudfoundry-community/firehose-to-syslog/caching/caching_boltdb.go:278.4,279.61 2 82
github.com/cloudfoundry-community/firehose-to-syslog/caching/caching_boltdb.go:282.4,282.14 1 82
github.com/cloudfoundry-community/firehose-to-syslog/caching/caching_boltdb.go:274.18,276.5 1 0
github.com/cloudfoundry-community/firehose-to-syslog/caching/caching_boltdb.go:279.61,281.5 1 0
github.com/cloudfoundry-community/firehose-to-syslog/caching/caching_boltdb.go:287.58,297.2 1 82
github.com/cloudfoundry-community/firehose-to-syslog/caching/caching_boltdb.go:299.70,301.16 2 2
github.com/cloudfoundry-community/firehose-to-syslog/caching/caching_boltdb.go:305.2,308.17 3 1
github.com/cloudfoundry-community/firehose-to-syslog/caching/caching_boltdb.go:301.16,303.3 1 1
github.com/cloudfoundry-community/firehose-to-syslog/caching/caching_boltdb.go:311.58,314.39 2 3
github.com/cloudfoundry-community/firehose-to-syslog/caching/caching_boltdb.go:324.2,324.17 1 3
github.com/cloudfoundry-community/firehose-to-syslog/caching/caching_boltdb.go:314.39,316.15 2 3
github.com/cloudfoundry-community/firehose-to-syslog/caching/caching_boltdb.go:320.3,321.13 2 3
github.com/cloudfoundry-community/firehose-to-syslog/caching/caching_boltdb.go:316.15,318.4 1 0
github.com/cloudfoundry-community/firehose-to-syslog/caching/caching_boltdb.go:327.62,328.48 1 1
github.com/cloudfoundry-community/firehose-to-syslog/caching/caching_boltdb.go:328.48,330.17 2 1
github.com/cloudfoundry-community/firehose-to-syslog/caching/caching_boltdb.go:333.3,335.17 2 1
github.com/cloudfoundry-community/firehose-to-syslog/caching/caching_boltdb.go:338.3,338.13 1 1
github.com/cloudfoundry-community/firehose-to-syslog/caching/caching_boltdb.go:330.17,332.4 1 0
github.com/cloudfoundry-community/firehose-to-syslog/caching/caching_boltdb.go:335.17,337.4 1 0
github.com/cloudfoundry-community/firehose-to-syslog/caching/caching_boltdb.go:342.68,343.67 1 82
github.com/cloudfoundry-community/firehose-to-syslog/caching/caching_boltdb.go:346.2,346.14 1 82
github.com/cloudfoundry-community/firehose-to-syslog/caching/caching_boltdb.go:343.67,345.3 1 0
github.com/cloudfoundry-community/firehose-to-syslog/caching/caching_easyjson.go:19.110,21.17 2 10
github.com/cloudfoundry-community/firehose-to-syslog/caching/caching_easyjson.go:28.2,29.23 2 10
github.com/cloudfoundry-community/firehose-to-syslog/caching/caching_easyjson.go:57.2,58.16 2 10
github.com/cloudfoundry-community/firehose-to-syslog/caching/caching_easyjson.go:21.17,22.17 1 0
github.com/cloudfoundry-community/firehose-to-syslog/caching/caching_easyjson.go:25.3,26.9 2 0
github.com/cloudfoundry-community/firehose-to-syslog/caching/caching_easyjson.go:22.17,24.4 1 0
github.com/cloudfoundry-community/firehose-to-syslog/caching/caching_easyjson.go:29.23,32.18 3 70
github.com/cloudfoundry-community/firehose-to-syslog/caching/caching_easyjson.go:37.3,37.14 1 70
github.com/cloudfoundry-community/firehose-to-syslog/caching/caching_easyjson.go:55.3,55.17 1 70
github.com/cloudfoundry-community/firehose-to-syslog/caching/caching_easyjson.go:32.18,35.12 3 0
github.com/cloudfoundry-community/firehose-to-syslog/caching/caching_easyjson.go:38.15,39.34 1 10
github.com/cloudfoundry-community/firehose-to-syslog/caching/caching_easyjson.go:40.15,41.34 1 10
github.com/cloudfoundry-community/firehose-to-syslog/caching/caching_easyjson.go:42.20,43.39 1 10
github.com/cloudfoundry-community/firehose-to-syslog/caching/caching_easyjson.go:44.20,45.39 1 10
github.com/cloudfoundry-community/firehose-to-syslog/caching/caching_easyjson.go:46.18,47.37 1 10
github.com/cloudfoundry-community/firehose-to-syslog/caching/caching_easyjson.go:48.18,49.37 1 10
github.com/cloudfoundry-community/firehose-to-syslog/caching/caching_easyjson.go:50.21,51.36 1 10
github.com/cloudfoundry-community/firehose-to-syslog/caching/caching_easyjson.go:52.11,53.22 1 0
github.com/cloudfoundry-community/firehose-to-syslog/caching/caching_easyjson.go:58.16,60.3 1 10
github.com/cloudfoundry-community/firehose-to-syslog/caching/caching_easyjson.go:62.111,66.12 4 82
github.com/cloudfoundry-community/firehose-to-syslog/caching/caching_easyjson.go:69.2,72.12 4 82
github.com/cloudfoundry-community/firehose-to-syslog/caching/caching_easyjson.go:75.2,78.12 4 82
github.com/cloudfoundry-community/firehose-to-syslog/caching/caching_easyjson.go:81.2,84.12 4 82
github.com/cloudfoundry-community/firehose-to-syslog/caching/caching_easyjson.go:87.2,90.12 4 82
github.com/cloudfoundry-community/firehose-to-syslog/caching/caching_easyjson.go:93.2,96.12 4 82
github.com/cloudfoundry-community/firehose-to-syslog/caching/caching_easyjson.go:99.2,102.12 4 82
github.com/cloudfoundry-community/firehose-to-syslog/caching/caching_easyjson.go:105.2,108.18 4 82
github.com/cloudfoundry-community/firehose-to-syslog/caching/caching_easyjson.go:66.12,68.3 1 0
github.com/cloudfoundry-community/firehose-to-syslog/caching/caching_easyjson.go:72.12,74.3 1 82
github.com/cloudfoundry-community/firehose-to-syslog/caching/caching_easyjson.go:78.12,80.3 1 82
github.com/cloudfoundry-community/firehose-to-syslog/caching/caching_easyjson.go:84.12,86.3 1 82
github.com/cloudfoundry-community/firehose-to-syslog/caching/caching_easyjson.go:90.12,92.3 1 82
github.com/cloudfoundry-community/firehose-to-syslog/caching/caching_easyjson.go:96.12,98.3 1 82
github.com/cloudfoundry-community/firehose-to-syslog/caching/caching_easyjson.go:102.12,104.3 1 82
github.com/cloudfoundry-community/firehose-to-syslog/caching/caching_easyjson.go:112.44,116.2 3 0
github.com/cloudfoundry-community/firehose-to-syslog/caching/caching_easyjson.go:119.49,121.2 1 82
github.com/cloudfoundry-community/firehose-to-syslog/caching/caching_easyjson.go:124.48,128.2 3 0
github.com/cloudfoundry-community/firehose-to-syslog/caching/caching_easyjson.go:131.50,133.2 1 10
github.com/cloudfoundry-community/firehose-to-syslog/caching/caching_emtpy.go:5.32,7.2 1 0
github.com/cloudfoundry-community/firehose-to-syslog/caching/caching_emtpy.go:9.37,11.2 1 0
github.com/cloudfoundry-community/firehose-to-syslog/caching/caching_emtpy.go:13.38,15.2 1 0
github.com/cloudfoundry-community/firehose-to-syslog/caching/caching_emtpy.go:17.62,19.2 1 0
github.com/cloudfoundry-community/firehose-to-syslog/caching/caching_emtpy.go:21.61,23.2 1 0
github.com/cloudfoundry-community/firehose-to-syslog/caching/caching.go:34.41,37.2 2 0
